<?xml version="1.0" encoding="utf-8" standalone="no"?>
<!--This file represents the results of running a test suite-->
<test-results name="D:\dev\Lucid.configuration\bin\Lucid.Configuration.Tests.dll" total="0" errors="0" failures="0" not-run="0" inconclusive="0" ignored="0" skipped="0" invalid="0" date="2013-05-22" time="21:48:34">
  <environment nunit-version="2.6.2.12296" clr-version="2.0.50727.5466" os-version="Microsoft Windows NT 6.1.7601 Service Pack 1" platform="Win32NT" cwd="D:\dev\Lucid.configuration" machine-name="CYLON" user="idavis" user-domain="Cylon" />
  <culture-info current-culture="en-US" current-uiculture="en-US" />
  <test-suite type="Assembly" name="D:\dev\Lucid.configuration\bin\Lucid.Configuration.Tests.dll" executed="True" result="Inconclusive" success="False" time="0.012" asserts="0" />
</test-results>